BackUp/unityLibrary/build/intermediates/manifest_merge_blame_file/debug/manifest-merger-blame-debug-report.txt
1<?xml version="1.0" encoding="utf-8"?>
2<manifest xmlns:android="http://schemas.android.com/apk/res/android"
3    xmlns:tools="http://schemas.android.com/tools"
4    package="com.unity3d.player" >
5
6    <uses-sdk android:minSdkVersion="24" />
7
8    <uses-permission android:name="android.permission.INTERNET" />
8-->src\main\AndroidManifest.xml:3:3-65
8-->src\main\AndroidManifest.xml:3:20-62
9
10    <uses-feature android:glEsVersion="0x00030000" />
10-->src\main\AndroidManifest.xml:4:3-52
10-->src\main\AndroidManifest.xml:4:17-49
11    <uses-feature
11-->src\main\AndroidManifest.xml:5:3-88
12        android:name="android.hardware.touchscreen"
12-->src\main\AndroidManifest.xml:5:17-60
13        android:required="false" />
13-->src\main\AndroidManifest.xml:5:61-85
14    <uses-feature
14-->src\main\AndroidManifest.xml:6:3-99
15        android:name="android.hardware.touchscreen.multitouch"
15-->src\main\AndroidManifest.xml:6:17-71
16        android:required="false" />
16-->src\main\AndroidManifest.xml:6:72-96
17    <uses-feature
17-->src\main\AndroidManifest.xml:7:3-108
18        android:name="android.hardware.touchscreen.multitouch.distinct"
18-->src\main\AndroidManifest.xml:7:17-80
19        android:required="false" />
19-->src\main\AndroidManifest.xml:7:81-105
20
21    <uses-permission android:name="android.permission.CAMERA" />
21-->src\main\AndroidManifest.xml:19:3-63
21-->src\main\AndroidManifest.xml:19:20-60
22
23    <uses-feature
23-->src\main\AndroidManifest.xml:20:3-85
24        android:name="android.hardware.camera.ar"
24-->src\main\AndroidManifest.xml:20:17-58
25        android:required="true" />
25-->src\main\AndroidManifest.xml:20:59-82
26    <uses-feature
26-->src\main\AndroidManifest.xml:21:3-83
27        android:name="com.google.ar.core.depth"
27-->src\main\AndroidManifest.xml:21:17-56
28        android:required="true" />
28-->src\main\AndroidManifest.xml:21:57-80
29
30    <application>
30-->src\main\AndroidManifest.xml:8:3-18:17
31        <meta-data
31-->src\main\AndroidManifest.xml:9:5-69
32            android:name="unity.splash-mode"
32-->src\main\AndroidManifest.xml:9:16-48
33            android:value="0" />
33-->src\main\AndroidManifest.xml:9:49-66
34        <meta-data
34-->src\main\AndroidManifest.xml:10:5-74
35            android:name="unity.splash-enable"
35-->src\main\AndroidManifest.xml:10:16-50
36            android:value="True" />
36-->src\main\AndroidManifest.xml:10:51-71
37        <meta-data
37-->src\main\AndroidManifest.xml:11:5-78
38            android:name="unity.launch-fullscreen"
38-->src\main\AndroidManifest.xml:11:16-54
39            android:value="True" />
39-->src\main\AndroidManifest.xml:11:55-75
40        <meta-data
40-->src\main\AndroidManifest.xml:12:5-84
41            android:name="unity.render-outside-safearea"
41-->src\main\AndroidManifest.xml:12:16-60
42            android:value="True" />
42-->src\main\AndroidManifest.xml:12:61-81
43        <meta-data
43-->src\main\AndroidManifest.xml:13:5-81
44            android:name="notch.config"
44-->src\main\AndroidManifest.xml:13:16-43
45            android:value="portrait|landscape" />
45-->src\main\AndroidManifest.xml:13:44-78
46        <meta-data
46-->src\main\AndroidManifest.xml:14:5-84
47            android:name="unity.auto-report-fully-drawn"
47-->src\main\AndroidManifest.xml:14:16-60
48            android:value="true" />
48-->src\main\AndroidManifest.xml:14:61-81
49        <meta-data
49-->src\main\AndroidManifest.xml:16:5-88
50            android:name="unityplayer.SkipPermissionsDialog"
50-->src\main\AndroidManifest.xml:16:16-64
51            android:value="true" />
51-->src\main\AndroidManifest.xml:16:65-85
52        <meta-data
52-->src\main\AndroidManifest.xml:17:5-77
53            android:name="com.google.ar.core"
53-->src\main\AndroidManifest.xml:17:16-49
54            android:value="required" />
54-->src\main\AndroidManifest.xml:17:50-74
55    </application>
56
57</manifest>